<?xml version="1.0" encoding="UTF-8"?>
<testsuite xmlns:xsi="http://www.w3.org/2001/XMLSchema-instance" xsi:noNamespaceSchemaLocation="https://maven.apache.org/surefire/maven-surefire-plugin/xsd/surefire-test-report.xsd" name="com.example.java.test.junior.developer.service.AuthServiceTest" time="0.028" tests="2" errors="0" skipped="0" failures="0">
  <properties>
[...]
</properties>
  <testcase name="testGenerateLoginResponse_Successful" classname="com.example.java.test.junior.developer.service.AuthServiceTest" time="0.015"/>
  <testcase name="testGenerateLoginResponse_InvalidCredentials" classname="com.example.java.test.junior.developer.service.AuthServiceTest" time="0.013"/>
</testsuite>